suta/app/build/outputs/logs/manifest-merger-release-report.txt
-- Merging decision tree log ---
manifest
ADDED from src/main/AndroidManifest.xml:2:1-110:12
	package
		ADDED from src/main/AndroidManifest.xml:4:5-44
		INJECTED from src/main/AndroidManifest.xml
		INJECTED from src/main/AndroidManifest.xml
	android:versionName
		ADDED from src/main/AndroidManifest.xml:6:5-30
		INJECTED from src/main/AndroidManifest.xml
		INJECTED from src/main/AndroidManifest.xml
	xmlns:tools
		ADDED from src/main/AndroidManifest.xml:3:5-51
	android:versionCode
		ADDED from src/main/AndroidManifest.xml:5:5-28
		INJECTED from src/main/AndroidManifest.xml
		INJECTED from src/main/AndroidManifest.xml
	xmlns:android
		ADDED from src/main/AndroidManifest.xml:2:11-69
uses-sdk
ADDED from src/main/AndroidManifest.xml:8:5-10:41
MERGED from [suta:base:unspecified] AndroidManifest.xml:7:5-9:41
MERGED from [com.android.support:support-v4:22.2.1] AndroidManifest.xml:20:5-43
	android:targetSdkVersion
		ADDED from src/main/AndroidManifest.xml:10:9-38
		INJECTED from src/main/AndroidManifest.xml
		INJECTED from src/main/AndroidManifest.xml
	android:minSdkVersion
		ADDED from src/main/AndroidManifest.xml:9:9-35
		INJECTED from src/main/AndroidManifest.xml
		INJECTED from src/main/AndroidManifest.xml
permission#in.swifiic.plat.app.suta.andi.USER
ADDED from src/main/AndroidManifest.xml:12:5-81
	android:name
		ADDED from src/main/AndroidManifest.xml:12:17-66
uses-permission#de.tubs.ibr.dtn.permission.DTN_COMMUNICATION
ADDED from src/main/AndroidManifest.xml:14:5-84
MERGED from [suta:base:unspecified] AndroidManifest.xml:11:5-84
	android:name
		ADDED from src/main/AndroidManifest.xml:14:22-81
uses-permission#android.permission.WRITE_EXTERNAL_STORAGE
ADDED from src/main/AndroidManifest.xml:15:5-80
MERGED from [suta:base:unspecified] AndroidManifest.xml:13:5-81
	android:name
		ADDED from src/main/AndroidManifest.xml:15:22-78
uses-permission#android.permission.RECEIVE_BOOT_COMPLETED
ADDED from src/main/AndroidManifest.xml:16:2-78
	android:name
		ADDED from src/main/AndroidManifest.xml:16:19-75
uses-permission#android.permission.ACCESS_NETWORK_STATE
ADDED from src/main/AndroidManifest.xml:17:2-76
	android:name
		ADDED from src/main/AndroidManifest.xml:17:19-73
uses-permission#android.permission.INTERNET
ADDED from src/main/AndroidManifest.xml:18:2-63
	android:name
		ADDED from src/main/AndroidManifest.xml:18:19-61
uses-permission#android.permission.ACCESS_FINE_LOCATION
ADDED from src/main/AndroidManifest.xml:19:2-76
	android:name
		ADDED from src/main/AndroidManifest.xml:19:19-73
uses-permission#android.permission.ACCESS_MOCK_LOCATION
ADDED from src/main/AndroidManifest.xml:20:3-77
	android:name
		ADDED from src/main/AndroidManifest.xml:20:20-74
uses-permission#android.permission.ACCESS_COARSE_LOCATION
ADDED from src/main/AndroidManifest.xml:21:2-78
	android:name
		ADDED from src/main/AndroidManifest.xml:21:19-75
uses-permission#android.permission.GET_TASKS
ADDED from src/main/AndroidManifest.xml:22:2-65
	android:name
		ADDED from src/main/AndroidManifest.xml:22:19-62
uses-permission#android.permission.READ_PHONE_STATE
ADDED from src/main/AndroidManifest.xml:23:2-72
	android:name
		ADDED from src/main/AndroidManifest.xml:23:19-69
uses-permission#android.permission.ACCESS_WIFI_STATE
ADDED from src/main/AndroidManifest.xml:24:2-73
	android:name
		ADDED from src/main/AndroidManifest.xml:24:19-70
application
ADDED from src/main/AndroidManifest.xml:29:5-108:19
MERGED from [suta:base:unspecified] AndroidManifest.xml:15:5-43:19
MERGED from [com.android.support:support-v4:22.2.1] AndroidManifest.xml:22:5-20
	android:label
		ADDED from src/main/AndroidManifest.xml:32:9-41
	android:allowBackup
		ADDED from src/main/AndroidManifest.xml:30:9-35
	android:icon
		ADDED from src/main/AndroidManifest.xml:31:9-45
	android:theme
		ADDED from src/main/AndroidManifest.xml:33:9-40
activity#in.swifiic.plat.app.suta.andi.MainActivity
ADDED from src/main/AndroidManifest.xml:34:9-41:20
	android:label
		ADDED from src/main/AndroidManifest.xml:36:13-45
	android:name
		ADDED from src/main/AndroidManifest.xml:35:13-70
intent-filter#android.intent.action.MAIN+android.intent.category.LAUNCHER
ADDED from src/main/AndroidManifest.xml:37:13-40:29
action#android.intent.action.MAIN
ADDED from src/main/AndroidManifest.xml:38:17-69
	android:name
		ADDED from src/main/AndroidManifest.xml:38:25-66
category#android.intent.category.LAUNCHER
ADDED from src/main/AndroidManifest.xml:39:17-77
	android:name
		ADDED from src/main/AndroidManifest.xml:39:27-74
activity#in.swifiic.plat.app.suta.andi.mgmt.ErrorNotifyActivity
ADDED from src/main/AndroidManifest.xml:42:9-124
	android:label
		ADDED from src/main/AndroidManifest.xml:42:89-121
	android:name
		ADDED from src/main/AndroidManifest.xml:42:19-88
receiver#in.swifiic.plat.app.suta.andi.mgmt.MyStartupIntentReceiver
ADDED from src/main/AndroidManifest.xml:43:9-48:14
	android:name
		ADDED from src/main/AndroidManifest.xml:43:19-92
intent-filter#android.intent.action.BOOT_COMPLETED+android.intent.category.HOME
ADDED from src/main/AndroidManifest.xml:44:4-47:20
action#android.intent.action.BOOT_COMPLETED
ADDED from src/main/AndroidManifest.xml:45:5-67
	android:name
		ADDED from src/main/AndroidManifest.xml:45:13-64
category#android.intent.category.HOME
ADDED from src/main/AndroidManifest.xml:46:5-61
	android:name
		ADDED from src/main/AndroidManifest.xml:46:15-58
service#in.swifiic.plat.app.suta.andi.mgmt.TrackService
ADDED from src/main/AndroidManifest.xml:50:3-54:13
	android:enabled
		ADDED from src/main/AndroidManifest.xml:50:12-34
	android:name
		ADDED from src/main/AndroidManifest.xml:50:35-97
intent-filter#in.swifiic.plat.app.suta.andi.mgmt.TrackService
ADDED from src/main/AndroidManifest.xml:51:4-53:20
action#in.swifiic.plat.app.suta.andi.mgmt.TrackService
ADDED from src/main/AndroidManifest.xml:52:5-78
	android:name
		ADDED from src/main/AndroidManifest.xml:52:13-75
service#in.swifiic.plat.helper.andi.GenericService
ADDED from src/main/AndroidManifest.xml:56:9-78
MERGED from [suta:base:unspecified] AndroidManifest.xml:20:9-78
	android:name
		ADDED from src/main/AndroidManifest.xml:56:18-75
activity#in.swifiic.plat.app.suta.andi.SettingsActivity
ADDED from src/main/AndroidManifest.xml:58:9-65:20
	android:label
		ADDED from src/main/AndroidManifest.xml:60:13-60
	android:parentActivityName
		ADDED from src/main/AndroidManifest.xml:61:13-84
	android:name
		ADDED from src/main/AndroidManifest.xml:59:13-74
meta-data#android.support.PARENT_ACTIVITY
ADDED from src/main/AndroidManifest.xml:62:13-64:78
	android:value
		ADDED from src/main/AndroidManifest.xml:64:17-75
	android:name
		ADDED from src/main/AndroidManifest.xml:63:17-63
activity#in.swifiic.plat.helper.andi.ui.UserChooserActivity
ADDED from src/main/AndroidManifest.xml:67:9-70:52
MERGED from [suta:base:unspecified] AndroidManifest.xml:16:9-18:43
	android:screenOrientation
		ADDED from src/main/AndroidManifest.xml:70:13-49
	android:label
		ADDED from src/main/AndroidManifest.xml:69:13-38
		REJECTED from [suta:base:unspecified] AndroidManifest.xml:18:13-40
	tools:replace
		ADDED from src/main/AndroidManifest.xml:67:19-50
	android:name
		ADDED from src/main/AndroidManifest.xml:68:13-78
provider#in.swifiic.plat.app.suta.andi.provider.Provider
ADDED from src/main/AndroidManifest.xml:72:9-77:20
	android:authorities
		ADDED from src/main/AndroidManifest.xml:74:13-64
	android:exported
		ADDED from src/main/AndroidManifest.xml:75:13-36
	android:permission
		ADDED from src/main/AndroidManifest.xml:76:13-68
	android:name
		ADDED from src/main/AndroidManifest.xml:73:13-75
receiver#in.swifiic.plat.helper.andi.IBRDtnReceiver
ADDED from src/main/AndroidManifest.xml:78:9-96:20
MERGED from [suta:base:unspecified] AndroidManifest.xml:23:9-37:20
	android:enabled
		ADDED from src/main/AndroidManifest.xml:80:13-35
	android:exported
		ADDED from src/main/AndroidManifest.xml:81:13-36
	android:permission
		ADDED from src/main/AndroidManifest.xml:82:13-71
	android:name
		ADDED from src/main/AndroidManifest.xml:79:13-70
intent-filter#de.tubs.ibr.dtn.intent.RECEIVE+in.swifiic.plat.app.suta.andi
ADDED from src/main/AndroidManifest.xml:85:13-89:29
action#de.tubs.ibr.dtn.intent.RECEIVE
ADDED from src/main/AndroidManifest.xml:86:17-73
	android:name
		ADDED from src/main/AndroidManifest.xml:86:25-70
category#in.swifiic.plat.app.suta.andi
ADDED from src/main/AndroidManifest.xml:88:17-74
	android:name
		ADDED from src/main/AndroidManifest.xml:88:27-71
intent-filter#de.tubs.ibr.dtn.intent.STATUS_REPORT+in.swifiic.plat.app.suta.andi
ADDED from src/main/AndroidManifest.xml:91:13-95:29
action#de.tubs.ibr.dtn.intent.STATUS_REPORT
ADDED from src/main/AndroidManifest.xml:92:17-79
	android:name
		ADDED from src/main/AndroidManifest.xml:92:25-76
receiver#in.swifiic.plat.app.suta.andi.NewMessageReceiver
ADDED from src/main/AndroidManifest.xml:98:9-102:20
	android:name
		ADDED from src/main/AndroidManifest.xml:98:19-82
intent-filter#in.swifiic.app.DATA_RECEIVED
ADDED from src/main/AndroidManifest.xml:99:13-101:29
action#in.swifiic.app.DATA_RECEIVED
ADDED from src/main/AndroidManifest.xml:100:17-71
	android:name
		ADDED from src/main/AndroidManifest.xml:100:25-68
uses-permission#in.swifiic.plat.app.suta.andi.USER
ADDED from [suta:base:unspecified] AndroidManifest.xml:12:5-74
	android:name
		ADDED from [suta:base:unspecified] AndroidManifest.xml:12:22-71
intent-filter#de.tubs.ibr.dtn.intent.RECEIVE
ADDED from [suta:base:unspecified] AndroidManifest.xml:30:13-32:29
intent-filter#de.tubs.ibr.dtn.intent.STATUS_REPORT
ADDED from [suta:base:unspecified] AndroidManifest.xml:34:13-36:29
receiver#in.swifiic.plat.helper.andi.HubAddressReceiver
ADDED from [suta:base:unspecified] AndroidManifest.xml:38:9-42:20
	android:name
		ADDED from [suta:base:unspecified] AndroidManifest.xml:38:19-80
intent-filter#swifiic.suta.hubAddressUpdate
ADDED from [suta:base:unspecified] AndroidManifest.xml:39:13-41:29
action#swifiic.suta.hubAddressUpdate
ADDED from [suta:base:unspecified] AndroidManifest.xml:40:17-72
	android:name
		ADDED from [suta:base:unspecified] AndroidManifest.xml:40:25-69
android:uses-permission#android.permission.READ_EXTERNAL_STORAGE
IMPLIED from src/main/AndroidManifest.xml:2:1-110:12 reason: in.swifiic.plat.andi requested WRITE_EXTERNAL_STORAGE